<?xml version="1.0" encoding="UTF-8"?>
<testsuite xmlns:xsi="http://www.w3.org/2001/XMLSchema-instance" xsi:noNamespaceSchemaLocation="https://maven.apache.org/surefire/maven-surefire-plugin/xsd/surefire-test-report.xsd" name="tn.esprit.com.test.AppTest" time="0.017" tests="1" errors="0" skipped="0" failures="0">
  <properties>
    <property name="awt.toolkit" value="sun.awt.X11.XToolkit"/>
    <property name="java.specification.version" value="11"/>
    <property name="sun.cpu.isalist" value=""/>
    <property name="sun.jnu.encoding" value="UTF-8"/>
    <property name="java.class.path" value="/home/tsilavina/Project/TP_Jenkins/demoic/target/test-classes:/home/tsilavina/Project/TP_Jenkins/demoic/target/classes:/home/tsilavina/.m2/repository/junit/junit/4.11/junit-4.11.jar:/home/tsilavina/.m2/repository/org/hamcrest/hamcrest-core/1.3/hamcrest-core-1.3.jar:"/>
    <property name="java.vm.vendor" value="Ubuntu"/>
    <property name="sun.arch.data.model" value="64"/>
    <property name="java.vendor.url" value="https://ubuntu.com/"/>
    <property name="user.timezone" value=""/>
    <property name="java.vm.specification.version" value="11"/>
    <property name="os.name" value="Linux"/>
    <property name="sun.java.launcher" value="SUN_STANDARD"/>
    <property name="user.country" value="US"/>
    <property name="sun.boot.library.path" value="/usr/lib/jvm/java-11-openjdk-amd64/lib"/>
    <property name="sun.java.command" value="/home/tsilavina/Project/TP_Jenkins/demoic/target/surefire/surefirebooter6714238830509963775.jar /home/tsilavina/Project/TP_Jenkins/demoic/target/surefire 2025-08-24T19-29-51_993-jvmRun1 surefire1346307653094362476tmp surefire_02180825363515570235tmp"/>
    <property name="jdk.debug" value="release"/>
    <property name="surefire.test.class.path" value="/home/tsilavina/Project/TP_Jenkins/demoic/target/test-classes:/home/tsilavina/Project/TP_Jenkins/demoic/target/classes:/home/tsilavina/.m2/repository/junit/junit/4.11/junit-4.11.jar:/home/tsilavina/.m2/repository/org/hamcrest/hamcrest-core/1.3/hamcrest-core-1.3.jar:"/>
    <property name="sun.cpu.endian" value="little"/>
    <property name="user.home" value="/home/tsilavina"/>
    <property name="user.language" value="en"/>
    <property name="java.specification.vendor" value="Oracle Corporation"/>
    <property name="java.version.date" value="2025-07-15"/>
    <property name="java.home" value="/usr/lib/jvm/java-11-openjdk-amd64"/>
    <property name="file.separator" value="/"/>
    <property name="basedir" value="/home/tsilavina/Project/TP_Jenkins/demoic"/>
    <property name="java.vm.compressedOopsMode" value="Zero based"/>
    <property name="line.separator" value="&#10;"/>
    <property name="java.specification.name" value="Java Platform API Specification"/>
    <property name="java.vm.specification.vendor" value="Oracle Corporation"/>
    <property name="java.awt.graphicsenv" value="sun.awt.X11GraphicsEnvironment"/>
    <property name="surefire.real.class.path" value="/home/tsilavina/Project/TP_Jenkins/demoic/target/surefire/surefirebooter6714238830509963775.jar"/>
    <property name="sun.management.compiler" value="HotSpot 64-Bit Tiered Compilers"/>
    <property name="java.runtime.version" value="11.0.28+6-post-Ubuntu-1ubuntu122.04.1"/>
    <property name="user.name" value="tsilavina"/>
    <property name="path.separator" value=":"/>
    <property name="os.version" value="6.8.0-65-generic"/>
    <property name="java.runtime.name" value="OpenJDK Runtime Environment"/>
    <property name="file.encoding" value="UTF-8"/>
    <property name="java.vm.name" value="OpenJDK 64-Bit Server VM"/>
    <property name="localRepository" value="/home/tsilavina/.m2/repository"/>
    <property name="java.vendor.url.bug" value="https://bugs.launchpad.net/ubuntu/+source/openjdk-lts"/>
    <property name="java.io.tmpdir" value="/tmp"/>
    <property name="java.version" value="11.0.28"/>
    <property name="user.dir" value="/home/tsilavina/Project/TP_Jenkins/demoic"/>
    <property name="os.arch" value="amd64"/>
    <property name="java.vm.specification.name" value="Java Virtual Machine Specification"/>
    <property name="java.awt.printerjob" value="sun.print.PSPrinterJob"/>
    <property name="sun.os.patch.level" value="unknown"/>
    <property name="java.library.path" value="/tmp/.mount_Cursorbz6Qxb/usr/lib/:/tmp/.mount_Cursorbz6Qxb/usr/lib32/:/tmp/.mount_Cursorbz6Qxb/usr/lib64/:/tmp/.mount_Cursorbz6Qxb/lib/:/tmp/.mount_Cursorbz6Qxb/lib/i386-linux-gnu/:/tmp/.mount_Cursorbz6Qxb/lib/x86_64-linux-gnu/:/tmp/.mount_Cursorbz6Qxb/lib/aarch64-linux-gnu/:/tmp/.mount_Cursorbz6Qxb/lib32/:/tmp/.mount_Cursorbz6Qxb/lib64/::/usr/java/packages/lib:/usr/lib/x86_64-linux-gnu/jni:/lib/x86_64-linux-gnu:/usr/lib/x86_64-linux-gnu:/usr/lib/jni:/lib:/usr/lib"/>
    <property name="java.vm.info" value="mixed mode, sharing"/>
    <property name="java.vendor" value="Ubuntu"/>
    <property name="java.vm.version" value="11.0.28+6-post-Ubuntu-1ubuntu122.04.1"/>
    <property name="java.specification.maintenance.version" value="3"/>
    <property name="sun.io.unicode.encoding" value="UnicodeLittle"/>
    <property name="java.class.version" value="55.0"/>
  </properties>
  <testcase name="shouldAnswerWithTrue" classname="tn.esprit.com.test.AppTest" time="0.001"/>
</testsuite>